INFO [2023-06-16 18:24:22] $x
INFO [2023-06-16 18:24:22] list(row.names(get(paste("sigs_", dir, "_", samp[1], sep = ""))), 
INFO [2023-06-16 18:24:22]     row.names(get(paste("sigs_", dir, "_", samp[2], sep = ""))))
INFO [2023-06-16 18:24:22] 
INFO [2023-06-16 18:24:22] $category.names
INFO [2023-06-16 18:24:22] c(samp[1], samp[2])
INFO [2023-06-16 18:24:22] 
INFO [2023-06-16 18:24:22] $filename
INFO [2023-06-16 18:24:22] paste("plots/venn_", as.character(i), "_", dir, ".png", sep = "")
INFO [2023-06-16 18:24:22] 
INFO [2023-06-16 18:24:22] $output
INFO [2023-06-16 18:24:22] [1] TRUE
INFO [2023-06-16 18:24:22] 
INFO [2023-06-16 18:24:22] $fill
INFO [2023-06-16 18:24:22] c(2, 4)
INFO [2023-06-16 18:24:22] 
INFO [2023-06-16 18:24:22] $main
INFO [2023-06-16 18:24:22] paste("Venn diagram of ", samp[1], " and ", samp[2], ", ", dir, 
INFO [2023-06-16 18:24:22]     "-regulated", sep = "")
INFO [2023-06-16 18:24:22] 
