INFO [2023-06-16 18:24:20] $x
INFO [2023-06-16 18:24:20] list(row.names(get(paste("sigs_", dir, "_", samp[1], sep = ""))), 
INFO [2023-06-16 18:24:20]     row.names(get(paste("sigs_", dir, "_", samp[2], sep = ""))))
INFO [2023-06-16 18:24:20] 
INFO [2023-06-16 18:24:20] $category.names
INFO [2023-06-16 18:24:20] c(samp[1], samp[2])
INFO [2023-06-16 18:24:20] 
INFO [2023-06-16 18:24:20] $filename
INFO [2023-06-16 18:24:20] paste("plots/venn_", as.character(i), "_", dir, ".png", sep = "")
INFO [2023-06-16 18:24:20] 
INFO [2023-06-16 18:24:20] $output
INFO [2023-06-16 18:24:20] [1] TRUE
INFO [2023-06-16 18:24:20] 
INFO [2023-06-16 18:24:20] $fill
INFO [2023-06-16 18:24:20] c(2, 4)
INFO [2023-06-16 18:24:20] 
INFO [2023-06-16 18:24:20] $main
INFO [2023-06-16 18:24:20] paste("Venn diagram of ", samp[1], " and ", samp[2], ", ", dir, 
INFO [2023-06-16 18:24:20]     "-regulated", sep = "")
INFO [2023-06-16 18:24:20] 
